#
# A fatal error has been detected by the Java Runtime Environment:
#
#  Internal Error (javaCalls.cpp:51), pid=9656, tid=0x00000000000032a4
#  guarantee(thread->is_Java_thread()) failed: crucial check - the VM thread cannot and must not escape to Java code
#
# JRE version: Java(TM) SE Runtime Environment (8.0_191-b12) (build 1.8.0_191-b12)
# Java VM: Java HotSpot(TM) 64-Bit Server VM (25.191-b12 mixed mode windows-amd64 compressed oops)
# Failed to write core dump. Minidumps are not enabled by default on client versions of Windows
#
# If you would like to submit a bug report, please visit:
#   http://bugreport.java.com/bugreport/crash.jsp
#

---------------  T H R E A D  ---------------

Current thread (0x0000000015397800):  VMThread [stack: 0x0000000016440000,0x0000000016540000] [id=12964]

Stack: [0x0000000016440000,0x0000000016540000]
[error occurred during error reporting (printing stack bounds), id 0xc0000005]

Native frames: (J=compiled Java code, j=interpreted, Vv=VM code, C=native code)

VM_Operation (0x0000000016e9f5c0): GetOrSetLocal, mode: safepoint, requested by thread 0x00000000153db000


---------------  P R O C E S S  ---------------

Java Threads: ( => current thread )
  0x000000001744a800 JavaThread "ReaderThread" [_thread_in_native, id=5880, stack(0x00000000179a0000,0x0000000017aa0000)]
  0x00000000172f0800 JavaThread "Service Thread" daemon [_thread_blocked, id=3056, stack(0x00000000177a0000,0x00000000178a0000)]
  0x00000000172b8800 JavaThread "C1 CompilerThread2" daemon [_thread_blocked, id=8484, stack(0x00000000176a0000,0x00000000177a0000)]
  0x0000000015402000 JavaThread "C2 CompilerThread1" daemon [_thread_blocked, id=7276, stack(0x00000000171a0000,0x00000000172a0000)]
  0x00000000153f7000 JavaThread "C2 CompilerThread0" daemon [_thread_blocked, id=10644, stack(0x00000000170a0000,0x00000000171a0000)]
  0x00000000153f5800 JavaThread "JDWP Command Reader" daemon [_thread_in_native, id=11924, stack(0x0000000016fa0000,0x00000000170a0000)]
  0x00000000153ea000 JavaThread "JDWP Event Helper Thread" daemon [_thread_blocked, id=8644, stack(0x0000000016ea0000,0x0000000016fa0000)]
  0x00000000153db000 JavaThread "JDWP Transport Listener: dt_socket" daemon [_thread_blocked, id=11700, stack(0x0000000016da0000,0x0000000016ea0000)]
  0x00000000153cc000 JavaThread "Attach Listener" daemon [_thread_blocked, id=13184, stack(0x0000000016960000,0x0000000016a60000)]
  0x00000000153d7800 JavaThread "Signal Dispatcher" daemon [_thread_blocked, id=10708, stack(0x0000000016860000,0x0000000016960000)]
  0x00000000153ba800 JavaThread "Finalizer" daemon [_thread_blocked, id=8056, stack(0x0000000016640000,0x0000000016740000)]
  0x0000000002df2000 JavaThread "Reference Handler" daemon [_thread_blocked, id=11640, stack(0x0000000016540000,0x0000000016640000)]
  0x0000000002d03800 JavaThread "main" [_thread_blocked, id=11768, stack(0x0000000002b00000,0x0000000002c00000)]

Other Threads:
=>0x0000000015397800 VMThread [stack: 0x0000000016440000,0x0000000016540000] [id=12964]
  0x0000000017315000 WatcherThread [stack: 0x00000000178a0000,0x00000000179a0000] [id=12308]

VM state:at safepoint (normal execution)

VM Mutex/Monitor currently owned by a thread:  ([mutex/lock_event])
[0x0000000002d00fd0] Threads_lock - owner thread: 0x0000000015397800

Heap:
 PSYoungGen      total 35328K, used 22682K [0x00000000eb400000, 0x00000000ed900000, 0x0000000100000000)
  eden space 32768K, 61% used [0x00000000eb400000,0x00000000ec7aaa40,0x00000000ed400000)
  from space 2560K, 99% used [0x00000000ed680000,0x00000000ed8fc030,0x00000000ed900000)
  to   space 2560K, 0% used [0x00000000ed400000,0x00000000ed400000,0x00000000ed680000)
 ParOldGen       total 44032K, used 4980K [0x00000000c1c00000, 0x00000000c4700000, 0x00000000eb400000)
  object space 44032K, 11% used [0x00000000c1c00000,0x00000000c20dd280,0x00000000c4700000)
 Metaspace       used 17485K, capacity 17816K, committed 17920K, reserved 1064960K
  class space    used 2089K, capacity 2210K, committed 2304K, reserved 1048576K

Card table byte_map: [0x00000000121c0000,0x00000000123c0000] byte_map_base: 0x0000000011bb2000

Marking Bits: (ParMarkBitMap*) 0x000000006e853e30
 Begin Bits: [0x0000000012910000, 0x00000000138a0000)
 End Bits:   [0x00000000138a0000, 0x0000000014830000)

Polling page: 0x00000000012a0000

CodeCache: size=245760Kb used=6020Kb max_used=6038Kb free=239739Kb
 bounds [0x0000000002e00000, 0x00000000033f0000, 0x0000000011e00000]
 total_blobs=2101 nmethods=1738 adapters=283
 compilation: enabled

Compilation events (10 events):
Event: 3.119 Thread 0x00000000172b8800 nmethod 1736 0x00000000033d6b50 code [0x00000000033d6d20, 0x00000000033d7558]
Event: 3.119 Thread 0x00000000172b8800 1738       3       com.fasterxml.jackson.databind.ser.std.EnumSerializer::serialize (49 bytes)
Event: 3.120 Thread 0x00000000172b8800 nmethod 1738 0x00000000033d77d0 code [0x00000000033d79e0, 0x00000000033d8898]
Event: 3.120 Thread 0x00000000172b8800 1739       3       com.fasterxml.jackson.databind.ser.impl.PropertySerializerMap$Single::serializerFor (15 bytes)
Event: 3.120 Thread 0x00000000172b8800 nmethod 1739 0x00000000033d8f50 code [0x00000000033d90a0, 0x00000000033d9250]
Event: 3.120 Thread 0x00000000172b8800 1737       3       com.fasterxml.jackson.databind.jsontype.impl.TypeSerializerBase::writeTypeSuffix (6 bytes)
Event: 3.121 Thread 0x00000000172b8800 nmethod 1737 0x00000000033d92d0 code [0x00000000033d9440, 0x00000000033d9668]
Event: 3.122 Thread 0x00000000153f7000 1740       4       sun.reflect.UnsafeFieldAccessorImpl::ensureObj (23 bytes)
Event: 3.124 Thread 0x00000000153f7000 nmethod 1740 0x00000000033dc510 code [0x00000000033dc660, 0x00000000033dc818]
Event: 3.152 Thread 0x0000000015402000 nmethod 1638 0x00000000033e0ad0 code [0x00000000033e1100, 0x00000000033e4918]

GC Heap History (8 events):
Event: 0.997 GC heap before
{Heap before GC invocations=1 (full 0):
 PSYoungGen      total 18944K, used 16384K [0x00000000eb400000, 0x00000000ec900000, 0x0000000100000000)
  eden space 16384K, 100% used [0x00000000eb400000,0x00000000ec400000,0x00000000ec400000)
  from space 2560K, 0% used [0x00000000ec680000,0x00000000ec680000,0x00000000ec900000)
  to   space 2560K, 0% used [0x00000000ec400000,0x00000000ec400000,0x00000000ec680000)
 ParOldGen       total 44032K, used 0K [0x00000000c1c00000, 0x00000000c4700000, 0x00000000eb400000)
  object space 44032K, 0% used [0x00000000c1c00000,0x00000000c1c00000,0x00000000c4700000)
 Metaspace       used 6673K, capacity 6812K, committed 7040K, reserved 1056768K
  class space    used 793K, capacity 822K, committed 896K, reserved 1048576K
Event: 1.004 GC heap after
Heap after GC invocations=1 (full 0):
 PSYoungGen      total 18944K, used 2528K [0x00000000eb400000, 0x00000000ec900000, 0x0000000100000000)
  eden space 16384K, 0% used [0x00000000eb400000,0x00000000eb400000,0x00000000ec400000)
  from space 2560K, 98% used [0x00000000ec400000,0x00000000ec6782a0,0x00000000ec680000)
  to   space 2560K, 0% used [0x00000000ec680000,0x00000000ec680000,0x00000000ec900000)
 ParOldGen       total 44032K, used 275K [0x00000000c1c00000, 0x00000000c4700000, 0x00000000eb400000)
  object space 44032K, 0% used [0x00000000c1c00000,0x00000000c1c44f40,0x00000000c4700000)
 Metaspace       used 6673K, capacity 6812K, committed 7040K, reserved 1056768K
  class space    used 793K, capacity 822K, committed 896K, reserved 1048576K
}
Event: 1.574 GC heap before
{Heap before GC invocations=2 (full 0):
 PSYoungGen      total 18944K, used 18912K [0x00000000eb400000, 0x00000000ec900000, 0x0000000100000000)
  eden space 16384K, 100% used [0x00000000eb400000,0x00000000ec400000,0x00000000ec400000)
  from space 2560K, 98% used [0x00000000ec400000,0x00000000ec6782a0,0x00000000ec680000)
  to   space 2560K, 0% used [0x00000000ec680000,0x00000000ec680000,0x00000000ec900000)
 ParOldGen       total 44032K, used 275K [0x00000000c1c00000, 0x00000000c4700000, 0x00000000eb400000)
  object space 44032K, 0% used [0x00000000c1c00000,0x00000000c1c44f40,0x00000000c4700000)
 Metaspace       used 8911K, capacity 9090K, committed 9344K, reserved 1056768K
  class space    used 1083K, capacity 1111K, committed 1152K, reserved 1048576K
Event: 1.583 GC heap after
Heap after GC invocations=2 (full 0):
 PSYoungGen      total 18944K, used 2546K [0x00000000eb400000, 0x00000000ed900000, 0x0000000100000000)
  eden space 16384K, 0% used [0x00000000eb400000,0x00000000eb400000,0x00000000ec400000)
  from space 2560K, 99% used [0x00000000ec680000,0x00000000ec8fcbe0,0x00000000ec900000)
  to   space 2560K, 0% used [0x00000000ec400000,0x00000000ec400000,0x00000000ec680000)
 ParOldGen       total 44032K, used 1273K [0x00000000c1c00000, 0x00000000c4700000, 0x00000000eb400000)
  object space 44032K, 2% used [0x00000000c1c00000,0x00000000c1d3e618,0x00000000c4700000)
 Metaspace       used 8911K, capacity 9090K, committed 9344K, reserved 1056768K
  class space    used 1083K, capacity 1111K, committed 1152K, reserved 1048576K
}
Event: 1.885 GC heap before
{Heap before GC invocations=3 (full 0):
 PSYoungGen      total 18944K, used 18930K [0x00000000eb400000, 0x00000000ed900000, 0x0000000100000000)
  eden space 16384K, 100% used [0x00000000eb400000,0x00000000ec400000,0x00000000ec400000)
  from space 2560K, 99% used [0x00000000ec680000,0x00000000ec8fcbe0,0x00000000ec900000)
  to   space 2560K, 0% used [0x00000000ec400000,0x00000000ec400000,0x00000000ec680000)
 ParOldGen       total 44032K, used 1273K [0x00000000c1c00000, 0x00000000c4700000, 0x00000000eb400000)
  object space 44032K, 2% used [0x00000000c1c00000,0x00000000c1d3e618,0x00000000c4700000)
 Metaspace       used 11188K, capacity 11362K, committed 11648K, reserved 1058816K
  class space    used 1300K, capacity 1335K, committed 1408K, reserved 1048576K
Event: 1.890 GC heap after
Heap after GC invocations=3 (full 0):
 PSYoungGen      total 18944K, used 2552K [0x00000000eb400000, 0x00000000ed900000, 0x0000000100000000)
  eden space 16384K, 0% used [0x00000000eb400000,0x00000000eb400000,0x00000000ec400000)
  from space 2560K, 99% used [0x00000000ec400000,0x00000000ec67e090,0x00000000ec680000)
  to   space 2560K, 0% used [0x00000000ed680000,0x00000000ed680000,0x00000000ed900000)
 ParOldGen       total 44032K, used 2717K [0x00000000c1c00000, 0x00000000c4700000, 0x00000000eb400000)
  object space 44032K, 6% used [0x00000000c1c00000,0x00000000c1ea75b0,0x00000000c4700000)
 Metaspace       used 11188K, capacity 11362K, committed 11648K, reserved 1058816K
  class space    used 1300K, capacity 1335K, committed 1408K, reserved 1048576K
}
Event: 2.336 GC heap before
{Heap before GC invocations=4 (full 0):
 PSYoungGen      total 18944K, used 18936K [0x00000000eb400000, 0x00000000ed900000, 0x0000000100000000)
  eden space 16384K, 100% used [0x00000000eb400000,0x00000000ec400000,0x00000000ec400000)
  from space 2560K, 99% used [0x00000000ec400000,0x00000000ec67e090,0x00000000ec680000)
  to   space 2560K, 0% used [0x00000000ed680000,0x00000000ed680000,0x00000000ed900000)
 ParOldGen       total 44032K, used 2717K [0x00000000c1c00000, 0x00000000c4700000, 0x00000000eb400000)
  object space 44032K, 6% used [0x00000000c1c00000,0x00000000c1ea75b0,0x00000000c4700000)
 Metaspace       used 13461K, capacity 13678K, committed 13952K, reserved 1060864K
  class space    used 1599K, capacity 1657K, committed 1664K, reserved 1048576K
Event: 2.345 GC heap after
Heap after GC invocations=4 (full 0):
 PSYoungGen      total 35328K, used 2544K [0x00000000eb400000, 0x00000000ed900000, 0x0000000100000000)
  eden space 32768K, 0% used [0x00000000eb400000,0x00000000eb400000,0x00000000ed400000)
  from space 2560K, 99% used [0x00000000ed680000,0x00000000ed8fc030,0x00000000ed900000)
  to   space 2560K, 0% used [0x00000000ed400000,0x00000000ed400000,0x00000000ed680000)
 ParOldGen       total 44032K, used 4980K [0x00000000c1c00000, 0x00000000c4700000, 0x00000000eb400000)
  object space 44032K, 11% used [0x00000000c1c00000,0x00000000c20dd280,0x00000000c4700000)
 Metaspace       used 13461K, capacity 13678K, committed 13952K, reserved 1060864K
  class space    used 1599K, capacity 1657K, committed 1664K, reserved 1048576K
}

Deoptimization events (10 events):
Event: 2.926 Thread 0x0000000002d03800 Uncommon trap: reason=range_check action=none pc=0x00000000030f2d9c method=sun.reflect.generics.parser.SignatureParser.current()C @ 34
Event: 2.926 Thread 0x0000000002d03800 Uncommon trap: reason=range_check action=none pc=0x00000000030f2d9c method=sun.reflect.generics.parser.SignatureParser.current()C @ 34
Event: 2.926 Thread 0x0000000002d03800 Uncommon trap: reason=range_check action=none pc=0x00000000030f2d9c method=sun.reflect.generics.parser.SignatureParser.current()C @ 34
Event: 2.926 Thread 0x0000000002d03800 Uncommon trap: reason=range_check action=none pc=0x00000000030f2d9c method=sun.reflect.generics.parser.SignatureParser.current()C @ 34
Event: 3.023 Thread 0x0000000002d03800 Uncommon trap: reason=range_check action=none pc=0x00000000030f2d9c method=sun.reflect.generics.parser.SignatureParser.current()C @ 34
Event: 3.026 Thread 0x0000000002d03800 Uncommon trap: reason=range_check action=none pc=0x00000000030f2d9c method=sun.reflect.generics.parser.SignatureParser.current()C @ 34
Event: 3.029 Thread 0x0000000002d03800 Uncommon trap: reason=range_check action=none pc=0x00000000030f2d9c method=sun.reflect.generics.parser.SignatureParser.current()C @ 34
Event: 3.104 Thread 0x0000000002d03800 Uncommon trap: reason=range_check action=none pc=0x00000000030f2d9c method=sun.reflect.generics.parser.SignatureParser.current()C @ 34
Event: 3.109 Thread 0x0000000002d03800 Uncommon trap: reason=class_check action=maybe_recompile pc=0x00000000030c2fcc method=java.util.HashMap.putVal(ILjava/lang/Object;Ljava/lang/Object;ZZ)Ljava/lang/Object; @ 203
Event: 3.109 Thread 0x0000000002d03800 Uncommon trap: reason=class_check action=maybe_recompile pc=0x00000000030c2fcc method=java.util.HashMap.putVal(ILjava/lang/Object;Ljava/lang/Object;ZZ)Ljava/lang/Object; @ 203

Classes redefined (8 events):
Event: 155.538 Thread 0x0000000015397800 redefined class name=test_business.TestBusiness, count=1
Event: 172.916 Thread 0x0000000015397800 redefined class name=test_business.TestBusiness, count=2
Event: 229.296 Thread 0x0000000015397800 redefined class name=business.Business, count=1
Event: 300.742 Thread 0x0000000015397800 redefined class name=business.Business, count=2
Event: 326.192 Thread 0x0000000015397800 redefined class name=test_business.TestBusiness, count=3
Event: 876.327 Thread 0x0000000015397800 redefined class name=test_business.TestBusiness, count=4
Event: 903.224 Thread 0x0000000015397800 redefined class name=test_business.TestBusiness, count=5
Event: 909.317 Thread 0x0000000015397800 redefined class name=test_business.TestBusiness, count=6

Internal exceptions (10 events):
Event: 2.864 Thread 0x0000000002d03800 Exception <a 'java/lang/ArrayIndexOutOfBoundsException': 80> (0x00000000ec28b220) thrown at [C:\re\workspace\8-2-build-windows-amd64-cygwin\jdk8u191\11896\hotspot\src\share\vm\interpreter\interpreterRuntime.cpp, line 366]
Event: 2.886 Thread 0x0000000002d03800 Exception <a 'java/lang/ArrayIndexOutOfBoundsException': 67> (0x00000000ec2c4fa8) thrown at [C:\re\workspace\8-2-build-windows-amd64-cygwin\jdk8u191\11896\hotspot\src\share\vm\interpreter\interpreterRuntime.cpp, line 366]
Event: 2.926 Thread 0x0000000002d03800 Exception <a 'java/lang/ArrayIndexOutOfBoundsException': 147> (0x00000000ec454898) thrown at [C:\re\workspace\8-2-build-windows-amd64-cygwin\jdk8u191\11896\hotspot\src\share\vm\interpreter\interpreterRuntime.cpp, line 366]
Event: 2.926 Thread 0x0000000002d03800 Exception <a 'java/lang/ArrayIndexOutOfBoundsException': 51> (0x00000000ec455a98) thrown at [C:\re\workspace\8-2-build-windows-amd64-cygwin\jdk8u191\11896\hotspot\src\share\vm\interpreter\interpreterRuntime.cpp, line 366]
Event: 2.926 Thread 0x0000000002d03800 Exception <a 'java/lang/ArrayIndexOutOfBoundsException': 62> (0x00000000ec457628) thrown at [C:\re\workspace\8-2-build-windows-amd64-cygwin\jdk8u191\11896\hotspot\src\share\vm\interpreter\interpreterRuntime.cpp, line 366]
Event: 2.926 Thread 0x0000000002d03800 Exception <a 'java/lang/ArrayIndexOutOfBoundsException': 67> (0x00000000ec458d58) thrown at [C:\re\workspace\8-2-build-windows-amd64-cygwin\jdk8u191\11896\hotspot\src\share\vm\interpreter\interpreterRuntime.cpp, line 366]
Event: 3.023 Thread 0x0000000002d03800 Exception <a 'java/lang/ArrayIndexOutOfBoundsException': 58> (0x00000000ec56dc80) thrown at [C:\re\workspace\8-2-build-windows-amd64-cygwin\jdk8u191\11896\hotspot\src\share\vm\interpreter\interpreterRuntime.cpp, line 366]
Event: 3.026 Thread 0x0000000002d03800 Exception <a 'java/lang/ArrayIndexOutOfBoundsException': 76> (0x00000000ec577720) thrown at [C:\re\workspace\8-2-build-windows-amd64-cygwin\jdk8u191\11896\hotspot\src\share\vm\interpreter\interpreterRuntime.cpp, line 366]
Event: 3.029 Thread 0x0000000002d03800 Exception <a 'java/lang/ArrayIndexOutOfBoundsException': 80> (0x00000000ec581ac8) thrown at [C:\re\workspace\8-2-build-windows-amd64-cygwin\jdk8u191\11896\hotspot\src\share\vm\interpreter\interpreterRuntime.cpp, line 366]
Event: 3.104 Thread 0x0000000002d03800 Exception <a 'java/lang/ArrayIndexOutOfBoundsException': 80> (0x00000000ec69e970) thrown at [C:\re\workspace\8-2-build-windows-amd64-cygwin\jdk8u191\11896\hotspot\src\share\vm\interpreter\interpreterRuntime.cpp, line 366]

Events (10 events):
Event: 909.317 Executing VM operation: RedefineClasses done
Event: 909.323 Executing VM operation: ChangeBreakpoints
Event: 909.324 Executing VM operation: ChangeBreakpoints done
Event: 909.331 Executing VM operation: ChangeBreakpoints
Event: 909.333 Executing VM operation: ChangeBreakpoints done
Event: 909.496 Executing VM operation: GetOwnedMonitorInfo
Event: 909.496 Executing VM operation: GetOwnedMonitorInfo done
Event: 909.496 Executing VM operation: GetCurrentContendedMonitor
Event: 909.496 Executing VM operation: GetCurrentContendedMonitor done
Event: 931.073 Executing VM operation: GetOrSetLocal


Dynamic libraries:
0x00007ff6b5db0000 - 0x00007ff6b5de7000 	C:\Program Files\Java\jre1.8.0_191\bin\javaw.exe
0x00007ff8ec170000 - 0x00007ff8ec351000 	C:\WINDOWS\SYSTEM32\ntdll.dll
0x00007ff8ebab0000 - 0x00007ff8ebb62000 	C:\WINDOWS\System32\KERNEL32.DLL
0x00007ff8e8fd0000 - 0x00007ff8e9243000 	C:\WINDOWS\System32\KERNELBASE.dll
0x00007ff8ec090000 - 0x00007ff8ec131000 	C:\WINDOWS\System32\ADVAPI32.dll
0x00007ff8ebdc0000 - 0x00007ff8ebe5e000 	C:\WINDOWS\System32\msvcrt.dll
0x00007ff8e9930000 - 0x00007ff8e998b000 	C:\WINDOWS\System32\sechost.dll
0x00007ff8e9800000 - 0x00007ff8e9924000 	C:\WINDOWS\System32\RPCRT4.dll
0x00007ff8e99c0000 - 0x00007ff8e9b50000 	C:\WINDOWS\System32\USER32.dll
0x00007ff8e9250000 - 0x00007ff8e9270000 	C:\WINDOWS\System32\win32u.dll
0x00007ff8e9990000 - 0x00007ff8e99b8000 	C:\WINDOWS\System32\GDI32.dll
0x00007ff8e86a0000 - 0x00007ff8e8832000 	C:\WINDOWS\System32\gdi32full.dll
0x00007ff8e9270000 - 0x00007ff8e930f000 	C:\WINDOWS\System32\msvcp_win.dll
0x00007ff8e85a0000 - 0x00007ff8e8698000 	C:\WINDOWS\System32\ucrtbase.dll
0x00007ff8e2120000 - 0x00007ff8e2389000 	C:\WINDOWS\WinSxS\amd64_microsoft.windows.common-controls_6595b64144ccf1df_6.0.17134.648_none_fb45a0e93062a6d2\COMCTL32.dll
0x00007ff8eb060000 - 0x00007ff8eb382000 	C:\WINDOWS\System32\combase.dll
0x00007ff8e8840000 - 0x00007ff8e88ba000 	C:\WINDOWS\System32\bcryptPrimitives.dll
0x00007ff8eb7e0000 - 0x00007ff8eb80d000 	C:\WINDOWS\System32\IMM32.DLL
0x000000006ebf0000 - 0x000000006ecc2000 	C:\Program Files\Java\jre1.8.0_191\bin\msvcr100.dll
0x000000006e030000 - 0x000000006e8d4000 	C:\Program Files\Java\jre1.8.0_191\bin\server\jvm.dll
0x00007ff8ec080000 - 0x00007ff8ec088000 	C:\WINDOWS\System32\PSAPI.DLL
0x00007ff8cbd00000 - 0x00007ff8cbd09000 	C:\WINDOWS\SYSTEM32\WSOCK32.dll
0x00007ff8e6610000 - 0x00007ff8e6633000 	C:\WINDOWS\SYSTEM32\WINMM.dll
0x00007ff8eb8c0000 - 0x00007ff8eb92c000 	C:\WINDOWS\System32\WS2_32.dll
0x00007ff8e3da0000 - 0x00007ff8e3daa000 	C:\WINDOWS\SYSTEM32\VERSION.dll
0x00007ff8e6400000 - 0x00007ff8e642a000 	C:\WINDOWS\SYSTEM32\winmmbase.dll
0x00007ff8e95b0000 - 0x00007ff8e95f9000 	C:\WINDOWS\System32\cfgmgr32.dll
0x000000006e020000 - 0x000000006e02f000 	C:\Program Files\Java\jre1.8.0_191\bin\verify.dll
0x000000006dff0000 - 0x000000006e019000 	C:\Program Files\Java\jre1.8.0_191\bin\java.dll
0x000000006ebb0000 - 0x000000006ebe5000 	C:\Program Files\Java\jre1.8.0_191\bin\jdwp.dll
0x000000006eba0000 - 0x000000006eba8000 	C:\Program Files\Java\jre1.8.0_191\bin\npt.dll
0x000000006dfd0000 - 0x000000006dfe6000 	C:\Program Files\Java\jre1.8.0_191\bin\zip.dll
0x00007ff8e9c20000 - 0x00007ff8eb060000 	C:\WINDOWS\System32\SHELL32.dll
0x00007ff8eb810000 - 0x00007ff8eb8b9000 	C:\WINDOWS\System32\shcore.dll
0x00007ff8e88c0000 - 0x00007ff8e8fcd000 	C:\WINDOWS\System32\windows.storage.dll
0x00007ff8ebd00000 - 0x00007ff8ebd51000 	C:\WINDOWS\System32\shlwapi.dll
0x00007ff8e84f0000 - 0x00007ff8e8501000 	C:\WINDOWS\System32\kernel.appcore.dll
0x00007ff8e8480000 - 0x00007ff8e849f000 	C:\WINDOWS\System32\profapi.dll
0x00007ff8e84a0000 - 0x00007ff8e84ec000 	C:\WINDOWS\System32\powrprof.dll
0x00007ff8e8510000 - 0x00007ff8e851a000 	C:\WINDOWS\System32\FLTLIB.DLL
0x000000006eb90000 - 0x000000006eb99000 	C:\Program Files\Java\jre1.8.0_191\bin\dt_socket.dll
0x00007ff8dd660000 - 0x00007ff8dd676000 	C:\WINDOWS\system32\napinsp.dll
0x00007ff8cbd50000 - 0x00007ff8cbd6a000 	C:\WINDOWS\system32\pnrpnsp.dll
0x00007ff8e4df0000 - 0x00007ff8e4e09000 	C:\WINDOWS\system32\NLAapi.dll
0x00007ff8e7ca0000 - 0x00007ff8e7d06000 	C:\WINDOWS\System32\mswsock.dll
0x00007ff8e7a60000 - 0x00007ff8e7b1e000 	C:\WINDOWS\SYSTEM32\DNSAPI.dll
0x00007ff8ebcf0000 - 0x00007ff8ebcf8000 	C:\WINDOWS\System32\NSI.dll
0x00007ff8e7a20000 - 0x00007ff8e7a58000 	C:\WINDOWS\SYSTEM32\IPHLPAPI.DLL
0x00007ff8e2500000 - 0x00007ff8e250e000 	C:\WINDOWS\System32\winrnr.dll
0x00007ff8e19f0000 - 0x00007ff8e1a62000 	C:\WINDOWS\System32\fwpuclnt.dll
0x00007ff8e7f80000 - 0x00007ff8e7fa5000 	C:\WINDOWS\SYSTEM32\bcrypt.dll
0x00007ff8e12d0000 - 0x00007ff8e12da000 	C:\Windows\System32\rasadhlp.dll
0x000000006dfb0000 - 0x000000006dfca000 	C:\Program Files\Java\jre1.8.0_191\bin\net.dll

VM Arguments:
jvm_args: -agentlib:jdwp=transport=dt_socket,suspend=y,address=localhost:63463 -ea -Dfile.encoding=Cp1252 
java_command: org.eclipse.jdt.internal.junit.runner.RemoteTestRunner -version 3 -port 63462 -testLoaderClass org.eclipse.jdt.internal.junit4.runner.JUnit4TestLoader -loaderpluginname org.eclipse.jdt.junit4.runtime -classNames test_business.TestBusiness
java_class_path (initial): F:\Projet\git\business\target\test-classes;F:\Projet\git\business\target\classes;C:\Users\thibault\.m2\repository\org\mockito\mockito-all\1.9.5\mockito-all-1.9.5.jar;F:\Projet\git\dao\target\classes;F:\Projet\git\data-game-reader\target\classes;F:\Projet\git\entities\target\classes;F:\eclipse\plugins\org.junit_4.12.0.v201504281640\junit.jar;F:\eclipse\plugins\org.hamcrest.core_1.3.0.v201303031735.jar;C:\Users\thibault\.m2\repository\junit\junit\4.12\junit-4.12.jar;C:\Users\thibault\.m2\repository\org\hamcrest\hamcrest-core\1.3\hamcrest-core-1.3.jar;C:\Users\thibault\.m2\repository\org\springframework\spring-context\4.3.7.RELEASE\spring-context-4.3.7.RELEASE.jar;C:\Users\thibault\.m2\repository\org\springframework\spring-aop\4.3.7.RELEASE\spring-aop-4.3.7.RELEASE.jar;C:\Users\thibault\.m2\repository\org\springframework\spring-beans\4.3.7.RELEASE\spring-beans-4.3.7.RELEASE.jar;C:\Users\thibault\.m2\repository\org\springframework\spring-core\4.3.7.RELEASE\spring-core-4.3.7.RELEASE.jar;C:\Users\thibault\.m2\repository\commons-logging\commons-logging\1.2\commons-logging-1.2.jar;C:\Users\thibault\.m2\repository\org\springframework\spring-expression\4.3.7.RELEASE\spring-expression-4.3.7.RELEASE.jar;C:\Users\thibault\.m2\repository\org\springframework\spring-test\4.3.7.RELEASE\spring-test-4.3.7.RELEASE.jar;C:\Users\thibault\.m2\repository\com\google\guava\guava\21.0\guava-21.0.jar;C:\Users\thibault\.m2\repository\com\fasterxml\jackson\core\jackson-databind\2.9.8\jackson-databind-2.9.8.jar;C:\Users\thibault\.m2\repository\com\fasterxml\jackson\core\jackson-annotations\2.9.0\jackson-annotations-2.9.0.jar;C:\Users\thibault\.m2\repository\com\fasterxml\jackson\core\jackson-core\2.9.8\jackson-core-2.9.8.jar;F:\eclipse\configuration\org.eclipse.osgi\230\0\.cp;F:\eclipse\configuration\org.eclipse.osgi\229\0\.cp
Launcher Type: SUN_STANDARD

Environment Variables:
PATH=C:/Program Files/Java/jre1.8.0_191/bin/server;C:/Program Files/Java/jre1.8.0_191/bin;C:/Program Files/Java/jre1.8.0_191/lib/amd64;C:\Program Files (x86)\Common Files\Oracle\Java\javapath;C:\Program Files (x86)\Intel\iCLS Client\;C:\Program Files\Intel\iCLS Client\;C:\Program Files (x86)\NVIDIA Corporation\PhysX\Common;C:\WINDOWS\system32;C:\WINDOWS;C:\WINDOWS\System32\Wbem;C:\WINDOWS\System32\WindowsPowerShell\v1.0\;C:\Program Files (x86)\Windows Live\Shared;C:\Program Files (x86)\Intel\OpenCL SDK\2.0\bin\x86;C:\Program Files (x86)\Intel\OpenCL SDK\2.0\bin\x64;C:\Program Files\Intel\Intel(R) Management Engine Components\DAL;C:\Program Files\Intel\Intel(R) Management Engine Components\IPT;C:\Program Files (x86)\Intel\Intel(R) Management Engine Components\DAL;C:\Program Files (x86)\Intel\Intel(R) Management Engine Components\IPT;C:\Program Files (x86)\Skype\Phone\D:\Autres\Python;C:\Program Files (x86)\Skype\Phone\;C:\Program Files\dotnet\;C:\WINDOWS\System32\OpenSSH\;C:\Users\thibault\AppData\Local\Microsoft\WindowsApps;;F:\eclipse;
USERNAME=thibault
OS=Windows_NT
PROCESSOR_IDENTIFIER=Intel64 Family 6 Model 58 Stepping 9, GenuineIntel



---------------  S Y S T E M  ---------------

OS: Windows 10.0 , 64 bit Build 17134 (10.0.17134.648)

CPU:total 4 (initial active 4) (2 cores per cpu, 2 threads per core) family 6 model 58 stepping 9, cmov, cx8, fxsr, mmx, sse, sse2, sse3, ssse3, sse4.1, sse4.2, popcnt, avx, aes, clmul, erms, ht, tsc, tscinvbit, tscinv

Memory: 4k page, physical 4077136k(1575072k free), swap 7173616k(2912420k free)

vm_info: Java HotSpot(TM) 64-Bit Server VM (25.191-b12) for windows-amd64 JRE (1.8.0_191-b12), built on Oct  6 2018 09:29:03 by "java_re" with MS VC++ 10.0 (VS2010)

time: Wed Mar 20 10:41:11 2019
elapsed time: 931 seconds (0d 0h 15m 31s)

